2021-01-19 10:39:33,777 [INFO] Activator:170 - 


2021-01-19 10:39:33,793 [INFO] Activator:171 - !SESSION log4j initialized
2021-01-19 10:39:35,221 [ERROR] LogOutputStream:74 - [STDERR_REDIRECT] Managed Build system manifest file error: Option fr.ac6.managedbuild.option.gnu.cross.prefix.49082262 uses a null category that is invalid in its context. The option was ignored.
2021-01-19 10:39:35,241 [ERROR] LogOutputStream:74 - [STDERR_REDIRECT] Managed Build system manifest file error: Option fr.ac6.managedbuild.option.gnu.cross.mcu.787564617 uses a null category that is invalid in its context. The option was ignored.
2021-01-19 10:39:35,319 [ERROR] LogOutputStream:74 - [STDERR_REDIRECT] Managed Build system manifest file error: Option fr.ac6.managedbuild.option.gnu.cross.board.425765859 uses a null category that is invalid in its context. The option was ignored.
2021-01-19 10:39:35,331 [ERROR] LogOutputStream:74 - [STDERR_REDIRECT] Managed Build system manifest file error: Option fr.ac6.managedbuild.option.gnu.cross.instructionSet.500186782 uses a null category that is invalid in its context. The option was ignored.
2021-01-19 10:39:35,360 [ERROR] LogOutputStream:74 - [STDERR_REDIRECT] Managed Build system manifest file error: Option fr.ac6.managedbuild.option.gnu.cross.fpu.733641927 uses a null category that is invalid in its context. The option was ignored.
2021-01-19 10:39:35,372 [ERROR] LogOutputStream:74 - [STDERR_REDIRECT] Managed Build system manifest file error: Option fr.ac6.managedbuild.option.gnu.cross.floatabi.514461073 uses a null category that is invalid in its context. The option was ignored.
2021-01-19 10:39:35,632 [ERROR] LogOutputStream:74 - [STDERR_REDIRECT] Managed Build system manifest file error: Option fr.ac6.managedbuild.option.gnu.cross.prefix.2087528760 uses a null category that is invalid in its context. The option was ignored.
2021-01-19 10:39:35,648 [ERROR] LogOutputStream:74 - [STDERR_REDIRECT] Managed Build system manifest file error: Option fr.ac6.managedbuild.option.gnu.cross.mcu.181239172 uses a null category that is invalid in its context. The option was ignored.
2021-01-19 10:39:35,679 [ERROR] LogOutputStream:74 - [STDERR_REDIRECT] Managed Build system manifest file error: Option fr.ac6.managedbuild.option.gnu.cross.board.682777433 uses a null category that is invalid in its context. The option was ignored.
2021-01-19 10:39:35,701 [ERROR] LogOutputStream:74 - [STDERR_REDIRECT] Managed Build system manifest file error: Option fr.ac6.managedbuild.option.gnu.cross.instructionSet.555467012 uses a null category that is invalid in its context. The option was ignored.
2021-01-19 10:39:35,712 [ERROR] LogOutputStream:74 - [STDERR_REDIRECT] Managed Build system manifest file error: Option fr.ac6.managedbuild.option.gnu.cross.fpu.1039478244 uses a null category that is invalid in its context. The option was ignored.
2021-01-19 10:39:35,727 [ERROR] LogOutputStream:74 - [STDERR_REDIRECT] Managed Build system manifest file error: Option fr.ac6.managedbuild.option.gnu.cross.floatabi.307943990 uses a null category that is invalid in its context. The option was ignored.
2021-01-19 10:39:41,170 [ERROR] LogOutputStream:74 - [STDERR_REDIRECT] Managed Build system manifest file error: Option fr.ac6.managedbuild.option.gnu.cross.prefix.49082262 uses a null category that is invalid in its context. The option was ignored.
2021-01-19 10:39:41,201 [ERROR] LogOutputStream:74 - [STDERR_REDIRECT] Managed Build system manifest file error: Option fr.ac6.managedbuild.option.gnu.cross.mcu.787564617 uses a null category that is invalid in its context. The option was ignored.
2021-01-19 10:39:41,217 [ERROR] LogOutputStream:74 - [STDERR_REDIRECT] Managed Build system manifest file error: Option fr.ac6.managedbuild.option.gnu.cross.board.425765859 uses a null category that is invalid in its context. The option was ignored.
2021-01-19 10:39:41,217 [ERROR] LogOutputStream:74 - [STDERR_REDIRECT] Managed Build system manifest file error: Option fr.ac6.managedbuild.option.gnu.cross.instructionSet.500186782 uses a null category that is invalid in its context. The option was ignored.
2021-01-19 10:39:41,233 [ERROR] LogOutputStream:74 - [STDERR_REDIRECT] Managed Build system manifest file error: Option fr.ac6.managedbuild.option.gnu.cross.fpu.733641927 uses a null category that is invalid in its context. The option was ignored.
2021-01-19 10:39:41,248 [ERROR] LogOutputStream:74 - [STDERR_REDIRECT] Managed Build system manifest file error: Option fr.ac6.managedbuild.option.gnu.cross.floatabi.514461073 uses a null category that is invalid in its context. The option was ignored.
2021-01-19 10:39:41,270 [ERROR] LogOutputStream:74 - [STDERR_REDIRECT] Managed Build system manifest file error: Option fr.ac6.managedbuild.option.gnu.cross.prefix.2087528760 uses a null category that is invalid in its context. The option was ignored.
2021-01-19 10:39:41,286 [ERROR] LogOutputStream:74 - [STDERR_REDIRECT] Managed Build system manifest file error: Option fr.ac6.managedbuild.option.gnu.cross.mcu.181239172 uses a null category that is invalid in its context. The option was ignored.
2021-01-19 10:39:41,286 [ERROR] LogOutputStream:74 - [STDERR_REDIRECT] Managed Build system manifest file error: Option fr.ac6.managedbuild.option.gnu.cross.board.682777433 uses a null category that is invalid in its context. The option was ignored.
2021-01-19 10:39:41,302 [ERROR] LogOutputStream:74 - [STDERR_REDIRECT] Managed Build system manifest file error: Option fr.ac6.managedbuild.option.gnu.cross.instructionSet.555467012 uses a null category that is invalid in its context. The option was ignored.
2021-01-19 10:39:41,317 [ERROR] LogOutputStream:74 - [STDERR_REDIRECT] Managed Build system manifest file error: Option fr.ac6.managedbuild.option.gnu.cross.fpu.1039478244 uses a null category that is invalid in its context. The option was ignored.
2021-01-19 10:39:41,317 [ERROR] LogOutputStream:74 - [STDERR_REDIRECT] Managed Build system manifest file error: Option fr.ac6.managedbuild.option.gnu.cross.floatabi.307943990 uses a null category that is invalid in its context. The option was ignored.
2021-01-19 10:55:01,845 [ERROR] LogOutputStream:74 - [STDERR_REDIRECT] Managed Build system manifest file error: Option fr.ac6.managedbuild.option.gnu.cross.prefix.49082262 uses a null category that is invalid in its context. The option was ignored.
2021-01-19 10:55:01,845 [ERROR] LogOutputStream:74 - [STDERR_REDIRECT] Managed Build system manifest file error: Option fr.ac6.managedbuild.option.gnu.cross.mcu.787564617 uses a null category that is invalid in its context. The option was ignored.
2021-01-19 10:55:01,861 [ERROR] LogOutputStream:74 - [STDERR_REDIRECT] Managed Build system manifest file error: Option fr.ac6.managedbuild.option.gnu.cross.board.425765859 uses a null category that is invalid in its context. The option was ignored.
2021-01-19 10:55:01,861 [ERROR] LogOutputStream:74 - [STDERR_REDIRECT] Managed Build system manifest file error: Option fr.ac6.managedbuild.option.gnu.cross.instructionSet.500186782 uses a null category that is invalid in its context. The option was ignored.
2021-01-19 10:55:01,876 [ERROR] LogOutputStream:74 - [STDERR_REDIRECT] Managed Build system manifest file error: Option fr.ac6.managedbuild.option.gnu.cross.fpu.733641927 uses a null category that is invalid in its context. The option was ignored.
2021-01-19 10:55:01,892 [ERROR] LogOutputStream:74 - [STDERR_REDIRECT] Managed Build system manifest file error: Option fr.ac6.managedbuild.option.gnu.cross.floatabi.514461073 uses a null category that is invalid in its context. The option was ignored.
2021-01-19 10:55:09,820 [ERROR] LogOutputStream:74 - [STDERR_REDIRECT] Managed Build system manifest file error: Option fr.ac6.managedbuild.option.gnu.cross.prefix.2087528760 uses a null category that is invalid in its context. The option was ignored.
2021-01-19 10:55:09,835 [ERROR] LogOutputStream:74 - [STDERR_REDIRECT] Managed Build system manifest file error: Option fr.ac6.managedbuild.option.gnu.cross.mcu.181239172 uses a null category that is invalid in its context. The option was ignored.
2021-01-19 10:55:09,851 [ERROR] LogOutputStream:74 - [STDERR_REDIRECT] Managed Build system manifest file error: Option fr.ac6.managedbuild.option.gnu.cross.board.682777433 uses a null category that is invalid in its context. The option was ignored.
2021-01-19 10:55:09,851 [ERROR] LogOutputStream:74 - [STDERR_REDIRECT] Managed Build system manifest file error: Option fr.ac6.managedbuild.option.gnu.cross.instructionSet.555467012 uses a null category that is invalid in its context. The option was ignored.
2021-01-19 10:55:09,857 [ERROR] LogOutputStream:74 - [STDERR_REDIRECT] Managed Build system manifest file error: Option fr.ac6.managedbuild.option.gnu.cross.fpu.1039478244 uses a null category that is invalid in its context. The option was ignored.
2021-01-19 10:55:09,857 [ERROR] LogOutputStream:74 - [STDERR_REDIRECT] Managed Build system manifest file error: Option fr.ac6.managedbuild.option.gnu.cross.floatabi.307943990 uses a null category that is invalid in its context. The option was ignored.
